<?xml version="1.0" encoding="UTF-8"?>
<!-- Generated by org.testng.reporters.JUnitReportReporter -->
<testsuite hostname="ARGHA" failures="0" tests="1" name="Simple_Scripts.youtubeLaunch" time="6.686" errors="0" timestamp="2023-03-15T20:56:29 IST" skipped="0">
  <testcase classname="Simple_Scripts.youtubeLaunch" name="test_youtube" time="6.686"/>
  <system-out/>
</testsuite> <!-- Simple_Scripts.youtubeLaunch -->
